[2022-09-01T15:12:36.259] [WARN] warnOnly - ruta /favicon.ico método GET no implementada
[2022-09-01T15:14:56.474] [WARN] warnOnly - ruta /mycart/6308add6fdd9618fa1afe183 método GET no implementada
[2022-09-01T15:15:59.243] [WARN] warnOnly - ruta /mycart/6308add6fdd9618fa1afe183 método GET no implementada
[2022-09-01T15:16:03.646] [WARN] warnOnly - ruta /mycart/6308add6fdd9618fa1afe183 método DELETE no implementada
[2022-09-01T15:17:30.582] [WARN] warnOnly - ruta /mycart/6308add6fdd9618fa1afe183 método GET no implementada
[2022-09-01T15:17:35.660] [WARN] warnOnly - ruta /mycart/6308add6fdd9618fa1afe183 método DELETE no implementada
[2022-09-01T15:19:08.371] [WARN] warnOnly - ruta /mycart/6308add6fdd9618fa1afe183 método GET no implementada
[2022-09-01T15:21:27.511] [WARN] warnOnly - ruta /mycart/6308add6fdd9618fa1afe183 método DELETE no implementada
[2022-09-01T15:25:55.410] [WARN] warnOnly - ruta /mycart/6308add6fdd9618fa1afe183 método GET no implementada
[2022-09-01T15:26:07.288] [WARN] warnOnly - ruta /mycart/6308add6fdd9618fa1afe183 método DELETE no implementada
[2022-09-01T15:26:22.546] [WARN] warnOnly - ruta /mycart/6308add6fdd9618fa1afe183 método GET no implementada
[2022-09-06T19:58:01.322] [WARN] warnOnly - ruta /favicon.ico método GET no implementada
[2022-09-07T20:23:11.367] [WARN] warnOnly - ruta /favicon.ico método GET no implementada
[2022-09-09T21:07:41.227] [WARN] warnOnly - ruta /favicon.ico método GET no implementada
[2022-09-10T15:29:16.576] [WARN] warnOnly - ruta /favicon.ico método GET no implementada
[2022-09-10T15:29:21.673] [WARN] warnOnly - ruta /favicon.ico método GET no implementada
[2022-09-13T15:32:11.571] [WARN] warnOnly - ruta /favicon.ico método GET no implementada
[2022-09-13T15:32:17.047] [WARN] warnOnly - ruta /favicon.ico método GET no implementada
[2022-09-13T15:32:17.413] [WARN] warnOnly - ruta /api/no%20hay método GET no implementada
[2022-09-13T15:41:25.881] [WARN] warnOnly - ruta /favicon.ico método GET no implementada
[2022-09-13T16:01:33.265] [WARN] warnOnly - ruta /mycart/6308add6fdd9618fa1afe183 método GET no implementada
[2022-09-13T16:04:19.574] [WARN] warnOnly - ruta /favicon.ico método GET no implementada
[2022-09-13T16:06:43.266] [WARN] warnOnly - ruta /mycart/6308add6fdd9618fa1afe183 método GET no implementada
[2022-10-11T18:48:06.467] [WARN] warnOnly - ruta / método GET no implementada
[2022-10-11T18:48:13.914] [WARN] warnOnly - ruta /favicon.ico método GET no implementada
[2022-10-11T18:49:28.867] [WARN] warnOnly - ruta /api/nop método GET no implementada
[2022-10-11T18:52:24.683] [WARN] warnOnly - ruta /api/nop método GET no implementada
[2022-10-11T18:52:27.137] [WARN] warnOnly - ruta /mycart/6308add6fdd9618fa1afe183 método GET no implementada
[2022-10-11T19:22:47.813] [WARN] warnOnly - ruta /api/nop método GET no implementada
[2022-10-11T19:23:16.997] [WARN] warnOnly - ruta /api/nop método GET no implementada
[2022-10-11T19:23:19.761] [WARN] warnOnly - ruta /api/carts/ método GET no implementada
[2022-10-11T19:31:43.789] [WARN] warnOnly - ruta /api/carts/ método GET no implementada
[2022-10-15T17:13:20.897] [WARN] warnOnly - ruta /favicon.ico método GET no implementada
[2022-10-15T17:32:13.134] [WARN] warnOnly - ruta /api/nop método GET no implementada
[2022-10-15T17:37:15.880] [WARN] warnOnly - ruta /favicon.ico método GET no implementada
[2022-10-16T15:04:50.779] [WARN] warnOnly - ruta /favicon.ico método GET no implementada
[2022-10-16T15:33:51.631] [WARN] warnOnly - ruta /api/nop método GET no implementada
[2022-10-16T15:34:01.432] [WARN] warnOnly - ruta /favicon.ico método GET no implementada
[2022-10-16T15:34:05.849] [WARN] warnOnly - ruta /api/nop método GET no implementada
[2022-10-16T15:34:16.573] [WARN] warnOnly - ruta /api/nop método GET no implementada
[2022-10-16T15:34:28.717] [WARN] warnOnly - ruta /api/nop método GET no implementada
[2022-10-16T15:34:57.358] [WARN] warnOnly - ruta /api/nop método GET no implementada
[2022-10-16T15:36:17.300] [WARN] warnOnly - ruta /api/nop método GET no implementada
[2022-10-16T15:36:59.091] [WARN] warnOnly - ruta /favicon.ico método GET no implementada
[2022-10-16T16:06:13.093] [WARN] warnOnly - ruta /api/nop método GET no implementada
[2022-10-16T16:07:47.089] [WARN] warnOnly - ruta /api/nop método GET no implementada
[2022-10-16T16:07:57.740] [WARN] warnOnly - ruta /api/nop método GET no implementada
[2022-10-16T16:08:03.470] [WARN] warnOnly - ruta /mycart/6308add6fdd9618fa1afe183 método GET no implementada
[2022-10-16T16:08:17.500] [WARN] warnOnly - ruta /api/nop método GET no implementada
[2022-10-16T16:14:50.494] [WARN] warnOnly - ruta /api/carts/ método GET no implementada
[2022-10-16T16:31:09.193] [WARN] warnOnly - ruta /favicon.ico método GET no implementada
[2022-10-16T16:34:13.802] [WARN] warnOnly - ruta /api/nop método GET no implementada
[2022-10-16T16:35:02.671] [WARN] warnOnly - ruta /favicon.ico método GET no implementada
[2022-10-16T16:38:37.726] [WARN] warnOnly - ruta /api/nop método GET no implementada
[2022-10-16T16:38:47.850] [WARN] warnOnly - ruta /api/nop método GET no implementada
[2022-10-16T16:38:57.486] [WARN] warnOnly - ruta /api/nop método GET no implementada
[2022-10-16T16:41:26.661] [WARN] warnOnly - ruta /api/nop método GET no implementada
[2022-10-16T16:42:03.832] [WARN] warnOnly - ruta /api/nop método GET no implementada
[2022-10-16T16:42:20.804] [WARN] warnOnly - ruta /api/nop método GET no implementada
[2022-10-16T16:44:57.053] [WARN] warnOnly - ruta /api/nop método GET no implementada
[2022-10-16T16:45:20.969] [WARN] warnOnly - ruta /api/nop método GET no implementada
[2022-10-16T16:45:27.261] [WARN] warnOnly - ruta /api/nop método GET no implementada
[2022-10-16T16:45:38.202] [WARN] warnOnly - ruta /api/nop método GET no implementada
[2022-10-16T16:45:46.851] [WARN] warnOnly - ruta /api/nop método GET no implementada
[2022-10-16T16:45:54.346] [WARN] warnOnly - ruta /api/nop método GET no implementada
[2022-10-16T16:46:12.034] [WARN] warnOnly - ruta /api/nop método GET no implementada
[2022-10-16T16:46:21.456] [WARN] warnOnly - ruta /api/nop método GET no implementada
[2022-10-16T16:46:27.414] [WARN] warnOnly - ruta /api/nop método GET no implementada
[2022-10-16T16:46:32.431] [WARN] warnOnly - ruta /api/nop método GET no implementada
[2022-10-16T16:46:54.765] [WARN] warnOnly - ruta /api/nop método GET no implementada
[2022-10-16T16:47:00.444] [WARN] warnOnly - ruta /api/nop método GET no implementada
[2022-10-16T16:47:17.321] [WARN] warnOnly - ruta /api/nop método GET no implementada
[2022-10-16T16:47:22.683] [WARN] warnOnly - ruta /api/nop método GET no implementada
[2022-10-16T16:47:46.286] [WARN] warnOnly - ruta /api/nop método GET no implementada
[2022-10-16T16:47:52.151] [WARN] warnOnly - ruta /api/nop método GET no implementada
[2022-10-16T16:47:56.565] [WARN] warnOnly - ruta /api/nop método GET no implementada
[2022-10-16T16:48:16.283] [WARN] warnOnly - ruta /api/nop método GET no implementada
[2022-10-16T16:48:51.310] [WARN] warnOnly - ruta /api/nop método GET no implementada
[2022-10-16T16:49:12.335] [WARN] warnOnly - ruta /api/nop método GET no implementada
[2022-10-16T16:49:55.449] [WARN] warnOnly - ruta /api/nop método GET no implementada
[2022-10-16T16:50:01.751] [WARN] warnOnly - ruta /api/nop método GET no implementada
[2022-10-16T16:50:27.271] [WARN] warnOnly - ruta /api/nop método GET no implementada
[2022-10-16T16:50:52.926] [WARN] warnOnly - ruta /api/nop método GET no implementada
[2022-10-16T16:50:59.548] [WARN] warnOnly - ruta /api/nop método GET no implementada
[2022-10-16T17:12:05.341] [WARN] warnOnly - ruta /api/nop método GET no implementada
[2022-10-16T17:12:15.315] [WARN] warnOnly - ruta /api/nop método GET no implementada
[2022-10-16T17:12:39.558] [WARN] warnOnly - ruta /api/nop método GET no implementada
[2022-10-16T17:13:10.449] [WARN] warnOnly - ruta /api/nop método GET no implementada
[2022-10-16T17:13:20.883] [WARN] warnOnly - ruta /api/nop método GET no implementada
[2022-10-16T17:13:33.904] [WARN] warnOnly - ruta /api/nop método GET no implementada
[2022-10-16T17:13:46.041] [WARN] warnOnly - ruta /api/nop método GET no implementada
[2022-10-16T17:14:12.029] [WARN] warnOnly - ruta /api/nop método GET no implementada
[2022-10-16T17:51:39.579] [WARN] warnOnly - ruta /auth/login método GET no implementada
[2022-10-16T17:53:59.623] [WARN] warnOnly - ruta /api/nop método GET no implementada
[2022-10-16T17:54:22.885] [WARN] warnOnly - ruta /api/nop método GET no implementada
[2022-10-16T17:57:55.376] [WARN] warnOnly - ruta /api/nop método GET no implementada
[2022-10-16T17:58:38.845] [WARN] warnOnly - ruta /favicon.ico método GET no implementada
[2022-10-16T18:04:50.619] [WARN] warnOnly - ruta /api/nop método GET no implementada
[2022-10-16T18:08:15.219] [WARN] warnOnly - ruta /api/nop método GET no implementada
[2022-10-16T18:17:13.447] [WARN] warnOnly - ruta /api/login método GET no implementada
[2022-10-16T18:18:48.733] [WARN] warnOnly - ruta /api/login método GET no implementada
[2022-10-16T18:19:03.424] [WARN] warnOnly - ruta /api/login método GET no implementada
[2022-10-16T18:20:18.691] [WARN] warnOnly - ruta /main.js método GET no implementada
[2022-10-16T18:20:18.696] [WARN] warnOnly - ruta /ejs.js método GET no implementada
[2022-10-16T18:20:31.078] [WARN] warnOnly - ruta /favicon.ico método GET no implementada
[2022-10-16T18:20:31.900] [WARN] warnOnly - ruta /shop/main.js método GET no implementada
[2022-10-16T18:20:31.901] [WARN] warnOnly - ruta /shop/ejs.js método GET no implementada
[2022-10-16T18:20:32.513] [WARN] warnOnly - ruta /shop/ejs.js método GET no implementada
[2022-10-16T18:22:35.792] [WARN] warnOnly - ruta /shop/template.html método GET no implementada
[2022-10-16T18:22:40.235] [WARN] warnOnly - ruta /shop/template.ejs método GET no implementada
[2022-10-16T18:22:51.441] [WARN] warnOnly - ruta /api/%3C%-photo%%3E método GET no implementada
[2022-10-16T18:23:38.741] [WARN] warnOnly - ruta /shop/ejs.js método GET no implementada
[2022-10-16T18:23:39.632] [WARN] warnOnly - ruta /shop/main.js método GET no implementada
[2022-10-16T18:23:40.321] [WARN] warnOnly - ruta /shop/ejs.js método GET no implementada
[2022-10-16T18:24:33.773] [WARN] warnOnly - ruta /api/login método GET no implementada
[2022-10-16T18:25:36.954] [WARN] warnOnly - ruta /main.js método GET no implementada
[2022-10-16T18:25:36.956] [WARN] warnOnly - ruta /ejs.js método GET no implementada
[2022-10-16T18:27:53.042] [WARN] warnOnly - ruta /main.js método GET no implementada
[2022-10-16T18:27:53.046] [WARN] warnOnly - ruta /nop método GET no implementada
[2022-10-16T18:27:53.995] [WARN] warnOnly - ruta /ejs.js método GET no implementada
[2022-10-16T18:28:06.841] [WARN] warnOnly - ruta /mycart/6308add6fdd9618fa1afe183 método GET no implementada
[2022-10-16T18:28:12.509] [WARN] warnOnly - ruta /shop/nop método GET no implementada
[2022-10-16T18:28:12.512] [WARN] warnOnly - ruta /shop/main.js método GET no implementada
[2022-10-16T18:28:12.515] [WARN] warnOnly - ruta /shop/ejs.js método GET no implementada
[2022-10-16T18:28:19.258] [WARN] warnOnly - ruta /mycart/6308add6fdd9618fa1afe183 método DELETE no implementada
[2022-10-16T18:28:23.939] [WARN] warnOnly - ruta /shop/nop método GET no implementada
[2022-10-16T18:28:23.959] [WARN] warnOnly - ruta /shop/main.js método GET no implementada
[2022-10-16T18:28:23.962] [WARN] warnOnly - ruta /shop/ejs.js método GET no implementada
[2022-10-16T18:28:24.516] [WARN] warnOnly - ruta /shop/ejs.js método GET no implementada
[2022-10-16T18:32:25.855] [WARN] warnOnly - ruta /shop/nop método GET no implementada
[2022-10-16T18:32:25.864] [WARN] warnOnly - ruta /shop/main.js método GET no implementada
[2022-10-16T18:32:25.868] [WARN] warnOnly - ruta /shop/ejs.js método GET no implementada
[2022-10-16T18:32:30.764] [WARN] warnOnly - ruta /shop/main.js método GET no implementada
[2022-10-16T18:32:30.767] [WARN] warnOnly - ruta /shop/nop método GET no implementada
[2022-10-16T18:32:30.770] [WARN] warnOnly - ruta /shop/ejs.js método GET no implementada
[2022-10-16T18:34:14.092] [WARN] warnOnly - ruta /shop/nop método GET no implementada
[2022-10-16T18:34:15.626] [WARN] warnOnly - ruta /api/template.html método GET no implementada
[2022-10-16T18:35:40.992] [WARN] warnOnly - ruta /api/template.html método GET no implementada
[2022-10-16T18:37:20.737] [WARN] warnOnly - ruta /shop/nop método GET no implementada
[2022-10-16T18:37:22.307] [WARN] warnOnly - ruta /api/template.html método GET no implementada
[2022-10-16T18:37:29.068] [WARN] warnOnly - ruta /shop/nop método GET no implementada
[2022-10-16T18:37:29.790] [WARN] warnOnly - ruta /api/template.html método GET no implementada
[2022-10-16T18:37:46.781] [WARN] warnOnly - ruta /shop/nop método GET no implementada
[2022-10-16T18:37:47.292] [WARN] warnOnly - ruta /api/template.html método GET no implementada
[2022-10-16T18:37:57.945] [WARN] warnOnly - ruta /shop/nop método GET no implementada
[2022-10-16T18:37:58.556] [WARN] warnOnly - ruta /api/template.html método GET no implementada
[2022-10-16T18:38:09.679] [WARN] warnOnly - ruta /api/template.html método GET no implementada
[2022-10-16T18:38:46.813] [WARN] warnOnly - ruta /shop/nop método GET no implementada
[2022-10-16T18:52:48.440] [WARN] warnOnly - ruta /shop/nop método GET no implementada
[2022-10-16T19:04:36.241] [WARN] warnOnly - ruta /shop/nop método GET no implementada
[2022-10-16T19:05:41.322] [WARN] warnOnly - ruta /shop/nop método GET no implementada
[2022-10-16T19:06:42.698] [WARN] warnOnly - ruta /shop/nop método GET no implementada
[2022-10-16T19:08:36.503] [WARN] warnOnly - ruta /shop/nop método GET no implementada
[2022-10-16T19:11:09.612] [WARN] warnOnly - ruta /shop/nop método GET no implementada
[2022-10-16T19:12:08.942] [WARN] warnOnly - ruta /shop/nop método GET no implementada
[2022-10-16T19:15:13.531] [WARN] warnOnly - ruta /shop/nop método GET no implementada
[2022-10-16T19:15:18.371] [WARN] warnOnly - ruta /shop/nop método GET no implementada
[2022-10-16T19:17:48.484] [WARN] warnOnly - ruta /shop/nop método GET no implementada
[2022-10-16T19:18:59.720] [WARN] warnOnly - ruta /shop/nop método GET no implementada
[2022-10-16T19:19:46.473] [WARN] warnOnly - ruta /shop/nop método GET no implementada
[2022-10-16T19:20:22.683] [WARN] warnOnly - ruta /shop/nop método GET no implementada
[2022-10-16T19:20:44.085] [WARN] warnOnly - ruta /shop/nop método GET no implementada
[2022-10-16T19:21:13.274] [WARN] warnOnly - ruta /shop/nop método GET no implementada
[2022-10-16T19:22:33.245] [WARN] warnOnly - ruta /shop/nop método GET no implementada
[2022-10-16T22:56:57.336] [WARN] warnOnly - ruta /favicon.ico método GET no implementada
[2022-10-16T22:59:20.905] [WARN] warnOnly - ruta /shop/nop método GET no implementada
[2022-10-16T22:59:32.687] [WARN] warnOnly - ruta /shop/nop método GET no implementada
[2022-10-16T23:00:44.343] [WARN] warnOnly - ruta /shop/nop método GET no implementada
[2022-10-16T23:01:38.018] [WARN] warnOnly - ruta /shop/nop método GET no implementada
[2022-10-16T23:01:52.799] [WARN] warnOnly - ruta /shop/nop método GET no implementada
[2022-10-16T23:02:00.637] [WARN] warnOnly - ruta /shop/nop método GET no implementada
[2022-10-16T23:03:50.956] [WARN] warnOnly - ruta /shop/nop método GET no implementada
[2022-10-16T23:04:01.265] [WARN] warnOnly - ruta /shop/nop método GET no implementada
[2022-10-16T23:22:59.343] [WARN] warnOnly - ruta /shop/nop método GET no implementada
[2022-10-16T23:27:49.740] [WARN] warnOnly - ruta /shop/nop método GET no implementada
[2022-10-16T23:28:04.443] [WARN] warnOnly - ruta /shop/nop método GET no implementada
[2022-10-16T23:34:02.876] [WARN] warnOnly - ruta /shop/nop método GET no implementada
[2022-10-16T23:35:19.103] [WARN] warnOnly - ruta /shop/nop método GET no implementada
[2022-10-16T23:36:40.211] [WARN] warnOnly - ruta /shop/nop método GET no implementada
[2022-10-16T23:37:00.278] [WARN] warnOnly - ruta /shop/nop método GET no implementada
[2022-10-16T23:37:36.529] [WARN] warnOnly - ruta /shop/nop método GET no implementada
[2022-10-16T23:37:52.197] [WARN] warnOnly - ruta /shop/nop método GET no implementada
[2022-10-17T10:56:45.379] [WARN] warnOnly - ruta / método GET no implementada
[2022-10-17T10:57:55.622] [WARN] warnOnly - ruta /shop/nop método GET no implementada
[2022-10-17T11:05:41.323] [WARN] warnOnly - ruta /shop/nop método GET no implementada
[2022-10-17T11:06:08.257] [WARN] warnOnly - ruta /shop/nop método GET no implementada
[2022-10-17T11:12:16.341] [WARN] warnOnly - ruta /shop/nop método GET no implementada
[2022-10-17T11:16:43.281] [WARN] warnOnly - ruta /shop/nop método GET no implementada
[2022-10-17T11:17:21.766] [WARN] warnOnly - ruta /shop/nop método GET no implementada
[2022-10-17T11:17:47.481] [WARN] warnOnly - ruta /shop/nop método GET no implementada
[2022-10-17T11:18:05.093] [WARN] warnOnly - ruta /shop/nop método GET no implementada
[2022-10-17T11:45:11.775] [WARN] warnOnly - ruta /shop/nop método GET no implementada
[2022-10-17T11:50:27.090] [WARN] warnOnly - ruta /shop/nop método GET no implementada
[2022-10-17T11:52:12.400] [WARN] warnOnly - ruta /shop/nop método GET no implementada
[2022-10-17T11:54:23.201] [WARN] warnOnly - ruta /shop/nop método GET no implementada
[2022-10-17T11:55:13.706] [WARN] warnOnly - ruta /shop/nop método GET no implementada
[2022-10-17T11:55:40.159] [WARN] warnOnly - ruta /shop/nop método GET no implementada
[2022-10-17T11:56:18.250] [WARN] warnOnly - ruta /shop/nop método GET no implementada
[2022-10-17T11:58:05.530] [WARN] warnOnly - ruta /shop/nop método GET no implementada
[2022-10-17T11:59:53.769] [WARN] warnOnly - ruta /shop/nop método GET no implementada
[2022-10-17T12:00:19.199] [WARN] warnOnly - ruta /shop/nop método GET no implementada
[2022-10-17T12:03:41.743] [WARN] warnOnly - ruta /shop/nop método GET no implementada
[2022-10-17T12:04:25.554] [WARN] warnOnly - ruta /shop/nop método GET no implementada
[2022-10-17T12:04:42.364] [WARN] warnOnly - ruta /shop/nop método GET no implementada
[2022-10-17T12:05:13.815] [WARN] warnOnly - ruta /shop/nop método GET no implementada
[2022-10-17T12:05:45.815] [WARN] warnOnly - ruta /shop/nop método GET no implementada
[2022-10-17T12:10:32.832] [WARN] warnOnly - ruta /shop/nop método GET no implementada
[2022-10-17T12:10:35.560] [WARN] warnOnly - ruta /shop/%3C%=%20products[i].photo%20%%3E método GET no implementada
[2022-10-17T12:10:41.190] [WARN] warnOnly - ruta /shop/%3C%=%20products[i].photo%20%%3E método GET no implementada
[2022-10-17T12:10:42.933] [WARN] warnOnly - ruta /shop/%3C%=%20products[i].photo%20%%3E método GET no implementada
[2022-10-17T12:10:44.365] [WARN] warnOnly - ruta /shop/%3C%=%20products[i].photo%20%%3E método GET no implementada
[2022-10-17T12:11:13.034] [WARN] warnOnly - ruta /shop/nop método GET no implementada
[2022-10-17T12:11:14.763] [WARN] warnOnly - ruta /shop/%3C%=%20products[i].photo%20%%3E método GET no implementada
[2022-10-17T12:11:16.967] [WARN] warnOnly - ruta /shop/%3C%=%20products[i].photo%20%%3E método GET no implementada
[2022-10-17T12:11:19.475] [WARN] warnOnly - ruta /shop/%3C%=%20products[i].photo%20%%3E método GET no implementada
[2022-10-17T12:11:20.898] [WARN] warnOnly - ruta /shop/%3C%=%20products[i].photo%20%%3E método GET no implementada
[2022-10-17T12:33:59.418] [WARN] warnOnly - ruta /shop/nop método GET no implementada
[2022-10-17T12:35:16.288] [WARN] warnOnly - ruta /shop/nop método GET no implementada
[2022-10-17T12:36:10.681] [WARN] warnOnly - ruta /shop/nop método GET no implementada
[2022-10-17T12:39:56.576] [WARN] warnOnly - ruta /shop/nop método GET no implementada
[2022-10-17T12:40:50.436] [WARN] warnOnly - ruta /shop/nop método GET no implementada
[2022-10-17T12:41:37.775] [WARN] warnOnly - ruta /shop/nop método GET no implementada
[2022-10-17T13:16:02.283] [WARN] warnOnly - ruta /shop/ método GET no implementada
[2022-10-17T13:16:47.132] [WARN] warnOnly - ruta /shop/nop método GET no implementada
[2022-10-17T14:21:55.246] [WARN] warnOnly - ruta /shop/nop método GET no implementada
[2022-10-17T14:29:29.329] [WARN] warnOnly - ruta /shop/ método GET no implementada
[2022-10-17T21:26:24.354] [WARN] warnOnly - ruta /favicon.ico método GET no implementada
[2022-10-17T22:57:03.318] [WARN] warnOnly - ruta /api/ método GET no implementada
[2022-10-17T23:02:12.762] [WARN] warnOnly - ruta /api/carts/ método GET no implementada
[2022-10-17T23:30:40.896] [WARN] warnOnly - ruta /shop/man método GET no implementada
[2022-10-17T23:30:53.671] [WARN] warnOnly - ruta /shop/nop método GET no implementada
[2022-10-17T23:30:54.387] [WARN] warnOnly - ruta /favicon.ico método GET no implementada
[2022-10-17T23:30:57.282] [WARN] warnOnly - ruta /shop/man método GET no implementada
[2022-10-17T23:30:59.510] [WARN] warnOnly - ruta /shop/nop método GET no implementada
[2022-10-17T23:34:38.666] [WARN] warnOnly - ruta /favicon.ico método GET no implementada
[2022-10-17T23:35:43.153] [WARN] warnOnly - ruta /shop/nop método GET no implementada
[2022-10-17T23:35:50.422] [WARN] warnOnly - ruta /shop/nop método GET no implementada
[2022-10-17T23:35:56.124] [WARN] warnOnly - ruta /shop/nop método GET no implementada
[2022-10-17T23:40:08.834] [WARN] warnOnly - ruta /shop/ método GET no implementada
[2022-10-17T23:41:19.260] [WARN] warnOnly - ruta /shop/nop método GET no implementada
[2022-10-17T23:41:32.524] [WARN] warnOnly - ruta /shop/nop método GET no implementada
[2022-10-17T23:41:36.588] [WARN] warnOnly - ruta /shop/nop método GET no implementada
[2022-10-17T23:41:46.042] [WARN] warnOnly - ruta /shop/nop método GET no implementada
[2022-10-18T15:58:40.430] [WARN] warnOnly - ruta /favicon.ico método GET no implementada
[2022-10-18T16:03:50.435] [WARN] warnOnly - ruta /favicon.ico método GET no implementada
[2022-10-18T16:03:51.057] [WARN] warnOnly - ruta /shop/nop método GET no implementada
[2022-10-18T16:03:58.349] [WARN] warnOnly - ruta /shop/nop método GET no implementada
[2022-10-18T16:04:18.387] [WARN] warnOnly - ruta /shop/nop método GET no implementada
[2022-10-18T16:04:43.472] [WARN] warnOnly - ruta /favicon.ico método GET no implementada
[2022-10-18T16:04:49.434] [WARN] warnOnly - ruta /shop/nop método GET no implementada
[2022-10-18T16:04:59.202] [WARN] warnOnly - ruta /favicon.ico método GET no implementada
[2022-10-18T16:05:09.304] [WARN] warnOnly - ruta /shop/nop método GET no implementada
[2022-10-18T16:06:05.517] [WARN] warnOnly - ruta /shop/nop método GET no implementada
[2022-10-18T16:06:13.501] [WARN] warnOnly - ruta /shop/nop método GET no implementada
[2022-10-18T16:09:29.497] [WARN] warnOnly - ruta /shop/nop método GET no implementada
[2022-10-18T16:11:46.600] [WARN] warnOnly - ruta /shop/sad método GET no implementada
[2022-10-18T16:11:50.599] [WARN] warnOnly - ruta /shop/nop método GET no implementada
[2022-10-18T16:14:30.857] [WARN] warnOnly - ruta /shop/nop método GET no implementada
[2022-10-18T16:14:31.963] [WARN] warnOnly - ruta /main.js método GET no implementada
[2022-10-18T16:14:35.572] [WARN] warnOnly - ruta /main.js método GET no implementada
[2022-10-18T16:14:36.900] [WARN] warnOnly - ruta /main.js método GET no implementada
[2022-10-18T16:15:03.425] [WARN] warnOnly - ruta /public/main.js método GET no implementada
[2022-10-18T16:15:06.068] [WARN] warnOnly - ruta /shop/nop método GET no implementada
[2022-10-18T16:15:06.074] [WARN] warnOnly - ruta /public/main.js método GET no implementada
[2022-10-18T16:15:15.101] [WARN] warnOnly - ruta /shop/nop método GET no implementada
[2022-10-18T16:17:48.002] [WARN] warnOnly - ruta /api/%3C%-photo%%3E método GET no implementada
[2022-10-18T16:17:53.839] [WARN] warnOnly - ruta /favicon.ico método GET no implementada
[2022-10-18T16:18:03.329] [WARN] warnOnly - ruta /shop/nop método GET no implementada
[2022-10-18T16:18:04.196] [WARN] warnOnly - ruta /shop/main.js método GET no implementada
[2022-10-18T16:18:04.239] [WARN] warnOnly - ruta /shop/ejs.js método GET no implementada
[2022-10-18T16:18:09.206] [WARN] warnOnly - ruta /shop/nop método GET no implementada
[2022-10-18T16:18:09.209] [WARN] warnOnly - ruta /shop/ejs.js método GET no implementada
[2022-10-18T16:18:09.215] [WARN] warnOnly - ruta /shop/main.js método GET no implementada
[2022-10-18T16:18:09.806] [WARN] warnOnly - ruta /shop/ejs.js método GET no implementada
[2022-10-18T16:18:36.698] [WARN] warnOnly - ruta /shop/nop método GET no implementada
[2022-10-18T16:18:36.708] [WARN] warnOnly - ruta /shop/ejs.js método GET no implementada
[2022-10-18T16:18:36.711] [WARN] warnOnly - ruta /shop/main.js método GET no implementada
[2022-10-18T16:18:51.555] [WARN] warnOnly - ruta /shop/nop método GET no implementada
[2022-10-18T16:18:58.555] [WARN] warnOnly - ruta /shop/nop método GET no implementada
[2022-10-18T16:19:02.175] [WARN] warnOnly - ruta /shop/nop método GET no implementada
[2022-10-18T16:19:52.037] [WARN] warnOnly - ruta /shop/template.html método GET no implementada
[2022-10-18T16:19:56.728] [WARN] warnOnly - ruta /shop/template.html método GET no implementada
[2022-10-18T16:20:01.563] [WARN] warnOnly - ruta /shop/template.html método GET no implementada
[2022-10-18T16:20:11.474] [WARN] warnOnly - ruta /shop/main.js método GET no implementada
[2022-10-18T16:20:11.479] [WARN] warnOnly - ruta /shop/nop método GET no implementada
[2022-10-18T16:20:12.508] [WARN] warnOnly - ruta /shop/ejs.js método GET no implementada
[2022-10-18T16:21:00.470] [WARN] warnOnly - ruta /products/main.js método GET no implementada
[2022-10-18T16:21:00.475] [WARN] warnOnly - ruta /shop/nop método GET no implementada
[2022-10-18T16:21:00.491] [WARN] warnOnly - ruta /shop/ejs.js método GET no implementada
[2022-10-18T16:21:20.911] [WARN] warnOnly - ruta /shop/ejs.js método GET no implementada
[2022-10-18T16:21:20.915] [WARN] warnOnly - ruta /shop/main.js método GET no implementada
[2022-10-18T16:21:20.920] [WARN] warnOnly - ruta /shop/nop método GET no implementada
[2022-10-18T16:21:21.516] [WARN] warnOnly - ruta /shop/ejs.js método GET no implementada
[2022-10-18T16:21:35.971] [WARN] warnOnly - ruta /shop/nop método GET no implementada
[2022-10-18T16:22:17.261] [WARN] warnOnly - ruta /shop/nop método GET no implementada
[2022-10-18T16:25:15.970] [WARN] warnOnly - ruta /shop/nop método GET no implementada
[2022-10-18T19:09:55.829] [WARN] warnOnly - ruta / método GET no implementada
[2022-10-18T19:10:01.258] [WARN] warnOnly - ruta /favicon.ico método GET no implementada
[2022-10-18T19:10:05.188] [WARN] warnOnly - ruta /favicon.ico método GET no implementada
[2022-10-18T19:11:09.137] [WARN] warnOnly - ruta /shop/nop método GET no implementada
[2022-10-18T19:11:09.766] [WARN] warnOnly - ruta /favicon.ico método GET no implementada
[2022-10-18T19:22:13.068] [WARN] warnOnly - ruta /favicon.ico método GET no implementada
[2022-10-18T19:22:18.186] [WARN] warnOnly - ruta /shop/nop método GET no implementada
[2022-10-18T19:26:39.299] [WARN] warnOnly - ruta /shop/nop método GET no implementada
[2022-10-18T20:01:56.928] [WARN] warnOnly - ruta /shop/signsfa método GET no implementada
[2022-10-18T20:06:30.116] [WARN] warnOnly - ruta /shop/signu método GET no implementada
[2022-10-18T20:06:33.313] [WARN] warnOnly - ruta /favicon.ico método GET no implementada
[2022-10-18T20:49:43.806] [WARN] warnOnly - ruta /shop/nop método GET no implementada
[2022-10-19T19:16:07.097] [WARN] warnOnly - ruta /favicon.ico método GET no implementada
[2022-10-19T22:26:06.322] [WARN] warnOnly - ruta /api/login método GET no implementada
[2022-10-19T22:26:47.174] [WARN] warnOnly - ruta /api/login método GET no implementada
[2022-10-19T22:27:20.870] [WARN] warnOnly - ruta /api/login método GET no implementada
[2022-10-19T23:03:17.148] [WARN] warnOnly - ruta /mycart/6308add6fdd9618fa1afe183 método DELETE no implementada
[2022-10-19T23:39:46.689] [WARN] warnOnly - ruta /mycart/6308add6fdd9618fa1afe183 método GET no implementada
[2022-10-19T23:40:12.800] [WARN] warnOnly - ruta /mycart/6308add6fdd9618fa1afe183 método GET no implementada
[2022-10-19T23:42:44.353] [WARN] warnOnly - ruta /mycart/6308add6fdd9618fa1afe183 método DELETE no implementada
[2022-10-19T23:42:57.974] [WARN] warnOnly - ruta /mycart/6308add6fdd9618fa1afe183 método GET no implementada
[2022-10-21T08:21:26.431] [WARN] warnOnly - ruta /favicon.ico método GET no implementada
[2022-10-21T08:45:52.654] [WARN] warnOnly - ruta /favicon.ico método GET no implementada
[2022-10-21T08:51:40.330] [WARN] warnOnly - ruta /favicon.ico método GET no implementada
[2022-10-21T08:53:03.580] [WARN] warnOnly - ruta /favicon.ico método GET no implementada
[2022-10-21T09:39:53.964] [WARN] warnOnly - ruta / método GET no implementada
[2022-10-21T19:54:56.343] [WARN] warnOnly - ruta /favicon.ico método GET no implementada
[2022-10-21T20:06:14.397] [WARN] warnOnly - ruta /favicon.ico método GET no implementada
[2022-10-21T20:12:55.892] [WARN] warnOnly - ruta /favicon.ico método GET no implementada
[2022-10-21T20:20:11.973] [WARN] warnOnly - ruta /favicon.ico método GET no implementada
[2022-10-21T20:22:12.406] [WARN] warnOnly - ruta /favicon.ico método GET no implementada
[2022-10-21T20:27:51.867] [WARN] warnOnly - ruta /favicon.ico método GET no implementada
[2022-10-21T20:29:34.684] [WARN] warnOnly - ruta /favicon.ico método GET no implementada
[2022-10-21T20:33:43.001] [WARN] warnOnly - ruta /favicon.ico método GET no implementada
[2022-10-21T20:38:30.855] [WARN] warnOnly - ruta /mycart/63532c9459e93bf9c70a7ec1 método GET no implementada
[2022-10-21T23:57:46.652] [WARN] warnOnly - ruta /api/carts/ método GET no implementada
[2022-10-22T10:28:09.801] [WARN] warnOnly - ruta /favicon.ico método GET no implementada
[2022-10-22T10:34:42.125] [WARN] warnOnly - ruta /favicon.ico método GET no implementada
[2022-10-22T10:37:23.910] [WARN] warnOnly - ruta /mycart/6308add6fdd9618fa1afe183 método DELETE no implementada
[2022-10-22T11:56:41.714] [WARN] warnOnly - ruta /mycart/6308add6fdd9618fa1afe183 método GET no implementada
[2022-10-22T11:56:48.373] [WARN] warnOnly - ruta /api/ método GET no implementada
[2022-10-22T12:01:26.396] [WARN] warnOnly - ruta /mycart/6308add6fdd9618fa1afe183 método GET no implementada
[2022-10-22T12:01:31.378] [WARN] warnOnly - ruta /api/ método GET no implementada
[2022-10-22T12:14:30.937] [WARN] warnOnly - ruta /mycart/6308add6fdd9618fa1afe183 método GET no implementada
[2022-10-22T12:17:09.577] [WARN] warnOnly - ruta /mycart/6308add6fdd9618fa1afe183 método GET no implementada
[2022-10-22T12:50:04.334] [WARN] warnOnly - ruta /mycart/6308add6fdd9618fa1afe183 método GET no implementada
[2022-10-22T12:50:12.326] [WARN] warnOnly - ruta /mycart/6308add6fdd9618fa1afe183 método GET no implementada
[2022-10-22T12:50:21.229] [WARN] warnOnly - ruta /mycart/6308add6fdd9618fa1afe183 método DELETE no implementada
[2022-10-22T12:56:20.946] [WARN] warnOnly - ruta /mycart/6308add6fdd9618fa1afe183 método DELETE no implementada
[2022-10-22T12:59:31.967] [WARN] warnOnly - ruta /mycart/6308add6fdd9618fa1afe183 método GET no implementada
[2022-10-22T12:59:48.860] [WARN] warnOnly - ruta /mycart/6308add6fdd9618fa1afe183 método GET no implementada
[2022-10-22T13:07:15.949] [WARN] warnOnly - ruta /mycart/6308add6fdd9618fa1afe183 método DELETE no implementada
[2022-10-22T13:07:23.951] [WARN] warnOnly - ruta /mycart/6308add6fdd9618fa1afe183 método GET no implementada
[2022-10-22T13:07:49.411] [WARN] warnOnly - ruta /api/ método GET no implementada
[2022-10-22T15:08:47.317] [WARN] warnOnly - ruta /api/carts/ método GET no implementada
[2022-10-22T15:15:25.446] [WARN] warnOnly - ruta /api/messages/ método GET no implementada
[2022-10-22T16:47:14.127] [WARN] warnOnly - ruta /favicon.ico método GET no implementada
[2022-10-22T16:56:02.764] [WARN] warnOnly - ruta /favicon.ico método GET no implementada
[2022-10-22T17:12:46.802] [WARN] warnOnly - ruta /favicon.ico método GET no implementada
[2022-10-22T17:23:37.653] [WARN] warnOnly - ruta /favicon.ico método GET no implementada
[2022-10-22T18:03:17.451] [WARN] warnOnly - ruta /mycart/6308add6fdd9618fa1afe183 método GET no implementada
[2022-10-22T19:09:57.138] [WARN] warnOnly - ruta /favicon.ico método GET no implementada
[2022-10-22T19:29:17.972] [WARN] warnOnly - ruta /favicon.ico método GET no implementada
[2022-10-22T19:29:19.674] [WARN] warnOnly - ruta /favicon.ico método GET no implementada
[2022-10-23T11:50:42.428] [WARN] warnOnly - ruta /favicon.ico método GET no implementada
[2022-10-23T16:44:24.231] [WARN] warnOnly - ruta /favicon.ico método GET no implementada
[2022-10-24T19:10:45.806] [WARN] warnOnly - ruta /favicon.ico método GET no implementada
[2022-10-25T08:16:13.981] [WARN] warnOnly - ruta /favicon.ico método GET no implementada
[2022-10-25T08:36:05.205] [WARN] warnOnly - ruta /favicon.ico método GET no implementada
[2022-10-25T15:54:20.895] [WARN] warnOnly - ruta /favicon.ico método GET no implementada
[2022-10-25T20:47:49.332] [WARN] warnOnly - ruta /favicon.ico método GET no implementada
[2022-10-25T22:56:17.425] [WARN] warnOnly - ruta /favicon.ico método GET no implementada
[2022-10-26T09:22:12.670] [WARN] warnOnly - ruta /favicon.ico método GET no implementada
[2022-10-26T09:33:23.915] [WARN] warnOnly - ruta /favicon.ico método GET no implementada
[2022-10-26T16:06:48.659] [WARN] warnOnly - ruta /favicon.ico método GET no implementada
[2022-10-26T16:15:44.954] [WARN] warnOnly - ruta /shop/helpchat método GET no implementada
[2022-10-26T16:59:23.866] [WARN] warnOnly - ruta /favicon.ico método GET no implementada
[2022-10-26T17:39:48.085] [WARN] warnOnly - ruta /favicon.ico método GET no implementada
[2022-10-29T00:04:15.399] [WARN] warnOnly - ruta /favicon.ico método GET no implementada
[2022-10-29T00:04:23.424] [WARN] warnOnly - ruta /favicon.ico método GET no implementada
